# JRE version: Java(TM) SE Runtime Environment 18.9 (11.0.16+11) (build 11.0.16+11-LTS-199)
# Java VM: Java HotSpot(TM) 64-Bit Server VM 18.9 (11.0.16+11-LTS-199, mixed mode, tiered, compressed oops, g1 gc, windows-amd64)
Heap:
 garbage-first heap   total 220160K, used 31232K [0x0000000080000000, 0x0000000100000000)
  region size 1024K, 4 young (4096K), 4 survivors (4096K)
 Metaspace       used 34223K, capacity 34974K, committed 35072K, reserved 1081344K
  class space    used 3547K, capacity 3807K, committed 3840K, reserved 1048576K
GC Heap History (10 events):
Event: 1.766 GC heap after
{Heap after GC invocations=4 (full 0):
 garbage-first heap   total 131072K, used 4337K [0x0000000080000000, 0x0000000100000000)
  region size 1024K, 3 young (3072K), 3 survivors (3072K)
 Metaspace       used 14450K, capacity 14585K, committed 14720K, reserved 1062912K
  class space    used 1511K, capacity 1583K, committed 1664K, reserved 1048576K
}
Event: 3.150 GC heap before
{Heap before GC invocations=4 (full 0):
 garbage-first heap   total 131072K, used 37105K [0x0000000080000000, 0x0000000100000000)
  region size 1024K, 35 young (35840K), 3 survivors (3072K)
 Metaspace       used 19789K, capacity 20132K, committed 20224K, reserved 1067008K
  class space    used 2118K, capacity 2246K, committed 2304K, reserved 1048576K
}
Event: 3.168 GC heap after
{Heap after GC invocations=5 (full 0):
 garbage-first heap   total 157696K, used 7198K [0x0000000080000000, 0x0000000100000000)
  region size 1024K, 5 young (5120K), 5 survivors (5120K)
 Metaspace       used 19789K, capacity 20132K, committed 20224K, reserved 1067008K
  class space    used 2118K, capacity 2246K, committed 2304K, reserved 1048576K
}
Event: 4.538 GC heap before
{Heap before GC invocations=5 (full 0):
 garbage-first heap   total 157696K, used 67614K [0x0000000080000000, 0x0000000100000000)
  region size 1024K, 65 young (66560K), 5 survivors (5120K)
 Metaspace       used 20882K, capacity 21203K, committed 21248K, reserved 1069056K
  class space    used 2161K, capacity 2282K, committed 2304K, reserved 1048576K
}
Event: 4.572 GC heap after
{Heap after GC invocations=6 (full 0):
 garbage-first heap   total 157696K, used 13342K [0x0000000080000000, 0x0000000100000000)
  region size 1024K, 11 young (11264K), 11 survivors (11264K)
 Metaspace       used 20882K, capacity 21203K, committed 21248K, reserved 1069056K
  class space    used 2161K, capacity 2282K, committed 2304K, reserved 1048576K
}
Event: 7.609 GC heap before
{Heap before GC invocations=7 (full 0):
 garbage-first heap   total 157696K, used 77824K [0x0000000080000000, 0x0000000100000000)
  region size 1024K, 74 young (75776K), 11 survivors (11264K)
 Metaspace       used 30508K, capacity 31087K, committed 31232K, reserved 1077248K
  class space    used 3231K, capacity 3461K, committed 3584K, reserved 1048576K
}
Event: 7.655 GC heap after
{Heap after GC invocations=8 (full 0):
 garbage-first heap   total 157696K, used 21877K [0x0000000080000000, 0x0000000100000000)
  region size 1024K, 9 young (9216K), 9 survivors (9216K)
 Metaspace       used 30508K, capacity 31087K, committed 31232K, reserved 1077248K
  class space    used 3231K, capacity 3461K, committed 3584K, reserved 1048576K
}
Event: 10.365 GC heap before
{Heap before GC invocations=8 (full 0):
 garbage-first heap   total 157696K, used 89461K [0x0000000080000000, 0x0000000100000000)
  region size 1024K, 75 young (76800K), 9 survivors (9216K)
 Metaspace       used 32354K, capacity 32970K, committed 33152K, reserved 1079296K
  class space    used 3386K, capacity 3614K, committed 3712K, reserved 1048576K
}
Event: 10.400 GC heap after
{Heap after GC invocations=9 (full 0):
 garbage-first heap   total 157696K, used 32959K [0x0000000080000000, 0x0000000100000000)
  region size 1024K, 10 young (10240K), 10 survivors (10240K)
 Metaspace       used 32354K, capacity 32970K, committed 33152K, reserved 1079296K
  class space    used 3386K, capacity 3614K, committed 3712K, reserved 1048576K
}
Event: 12.047 GC heap before
{Heap before GC invocations=9 (full 0):
 garbage-first heap   total 157696K, used 87231K [0x0000000080000000, 0x0000000100000000)
  region size 1024K, 62 young (63488K), 10 survivors (10240K)
 Metaspace       used 34223K, capacity 34974K, committed 35072K, reserved 1081344K
  class space    used 3547K, capacity 3807K, committed 3840K, reserved 1048576K
}

