# JRE version: Java(TM) SE Runtime Environment 18.9 (11.0.16+11) (build 11.0.16+11-LTS-199)
# Java VM: Java HotSpot(TM) 64-Bit Server VM 18.9 (11.0.16+11-LTS-199, mixed mode, tiered, compressed oops, g1 gc, windows-amd64)
Heap:
 garbage-first heap   total 157696K, used 87439K [0x0000000080000000, 0x0000000100000000)
  region size 1024K, 63 young (64512K), 6 survivors (6144K)
 Metaspace       used 45348K, capacity 46226K, committed 46336K, reserved 1089536K
  class space    used 5002K, capacity 5302K, committed 5376K, reserved 1048576K
GC Heap History (10 events):
Event: 6.755 GC heap before
{Heap before GC invocations=7 (full 0):
 garbage-first heap   total 157696K, used 121938K [0x0000000080000000, 0x0000000100000000)
  region size 1024K, 69 young (70656K), 10 survivors (10240K)
 Metaspace       used 22851K, capacity 23228K, committed 23552K, reserved 1071104K
  class space    used 2325K, capacity 2468K, committed 2560K, reserved 1048576K
}
Event: 6.794 GC heap after
{Heap after GC invocations=8 (full 0):
 garbage-first heap   total 157696K, used 16456K [0x0000000080000000, 0x0000000100000000)
  region size 1024K, 5 young (5120K), 5 survivors (5120K)
 Metaspace       used 22851K, capacity 23228K, committed 23552K, reserved 1071104K
  class space    used 2325K, capacity 2468K, committed 2560K, reserved 1048576K
}
Event: 42.433 GC heap before
{Heap before GC invocations=8 (full 0):
 garbage-first heap   total 157696K, used 81992K [0x0000000080000000, 0x0000000100000000)
  region size 1024K, 69 young (70656K), 5 survivors (5120K)
 Metaspace       used 26285K, capacity 26793K, committed 26880K, reserved 1073152K
  class space    used 2609K, capacity 2783K, committed 2816K, reserved 1048576K
}
Event: 42.453 GC heap after
{Heap after GC invocations=9 (full 0):
 garbage-first heap   total 157696K, used 19455K [0x0000000080000000, 0x0000000100000000)
  region size 1024K, 3 young (3072K), 3 survivors (3072K)
 Metaspace       used 26285K, capacity 26793K, committed 26880K, reserved 1073152K
  class space    used 2609K, capacity 2783K, committed 2816K, reserved 1048576K
}
Event: 43.982 GC heap before
{Heap before GC invocations=9 (full 0):
 garbage-first heap   total 157696K, used 96255K [0x0000000080000000, 0x0000000100000000)
  region size 1024K, 77 young (78848K), 3 survivors (3072K)
 Metaspace       used 28618K, capacity 29272K, committed 29568K, reserved 1075200K
  class space    used 2921K, capacity 3140K, committed 3200K, reserved 1048576K
}
Event: 43.999 GC heap after
{Heap after GC invocations=10 (full 0):
 garbage-first heap   total 157696K, used 23185K [0x0000000080000000, 0x0000000100000000)
  region size 1024K, 7 young (7168K), 7 survivors (7168K)
 Metaspace       used 28618K, capacity 29272K, committed 29568K, reserved 1075200K
  class space    used 2921K, capacity 3140K, committed 3200K, reserved 1048576K
}
Event: 46.645 GC heap before
{Heap before GC invocations=10 (full 0):
 garbage-first heap   total 157696K, used 108177K [0x0000000080000000, 0x0000000100000000)
  region size 1024K, 88 young (90112K), 7 survivors (7168K)
 Metaspace       used 29529K, capacity 30236K, committed 30464K, reserved 1077248K
  class space    used 3046K, capacity 3293K, committed 3328K, reserved 1048576K
}
Event: 46.667 GC heap after
{Heap after GC invocations=11 (full 0):
 garbage-first heap   total 157696K, used 30075K [0x0000000080000000, 0x0000000100000000)
  region size 1024K, 10 young (10240K), 10 survivors (10240K)
 Metaspace       used 29529K, capacity 30236K, committed 30464K, reserved 1077248K
  class space    used 3046K, capacity 3293K, committed 3328K, reserved 1048576K
}
Event: 47.287 GC heap before
{Heap before GC invocations=11 (full 0):
 garbage-first heap   total 157696K, used 57723K [0x0000000080000000, 0x0000000100000000)
  region size 1024K, 38 young (38912K), 10 survivors (10240K)
 Metaspace       used 34972K, capacity 35708K, committed 35840K, reserved 1081344K
  class space    used 3688K, capacity 3941K, committed 3968K, reserved 1048576K
}
Event: 47.303 GC heap after
{Heap after GC invocations=12 (full 0):
 garbage-first heap   total 157696K, used 30095K [0x0000000080000000, 0x0000000100000000)
  region size 1024K, 6 young (6144K), 6 survivors (6144K)
 Metaspace       used 34972K, capacity 35708K, committed 35840K, reserved 1081344K
  class space    used 3688K, capacity 3941K, committed 3968K, reserved 1048576K
}

