# JRE version: Java(TM) SE Runtime Environment 18.9 (11.0.16+11) (build 11.0.16+11-LTS-199)
# Java VM: Java HotSpot(TM) 64-Bit Server VM 18.9 (11.0.16+11-LTS-199, mixed mode, tiered, compressed oops, g1 gc, windows-amd64)
Heap:
 garbage-first heap   total 225280K, used 18998K [0x0000000080000000, 0x0000000100000000)
  region size 1024K, 3 young (3072K), 3 survivors (3072K)
 Metaspace       used 44256K, capacity 45535K, committed 45724K, reserved 1089536K
  class space    used 5682K, capacity 6192K, committed 6220K, reserved 1048576K
GC Heap History (10 events):
Event: 1.674 GC heap after
{Heap after GC invocations=4 (full 0):
 garbage-first heap   total 131072K, used 8617K [0x0000000080000000, 0x0000000100000000)
  region size 1024K, 4 young (4096K), 4 survivors (4096K)
 Metaspace       used 19187K, capacity 19662K, committed 19968K, reserved 1067008K
  class space    used 2230K, capacity 2442K, committed 2560K, reserved 1048576K
}
Event: 1.876 GC heap before
{Heap before GC invocations=4 (full 0):
 garbage-first heap   total 131072K, used 19881K [0x0000000080000000, 0x0000000100000000)
  region size 1024K, 17 young (17408K), 4 survivors (4096K)
 Metaspace       used 20622K, capacity 21153K, committed 21296K, reserved 1069056K
  class space    used 2407K, capacity 2639K, committed 2688K, reserved 1048576K
}
Event: 1.888 GC heap after
{Heap after GC invocations=5 (full 0):
 garbage-first heap   total 158720K, used 9633K [0x0000000080000000, 0x0000000100000000)
  region size 1024K, 4 young (4096K), 4 survivors (4096K)
 Metaspace       used 20622K, capacity 21153K, committed 21296K, reserved 1069056K
  class space    used 2407K, capacity 2639K, committed 2688K, reserved 1048576K
}
Event: 2.656 GC heap before
{Heap before GC invocations=6 (full 0):
 garbage-first heap   total 158720K, used 53665K [0x0000000080000000, 0x0000000100000000)
  region size 1024K, 47 young (48128K), 4 survivors (4096K)
 Metaspace       used 23245K, capacity 23933K, committed 23984K, reserved 1071104K
  class space    used 2783K, capacity 3048K, committed 3072K, reserved 1048576K
}
Event: 2.670 GC heap after
{Heap after GC invocations=7 (full 0):
 garbage-first heap   total 158720K, used 11096K [0x0000000080000000, 0x0000000100000000)
  region size 1024K, 5 young (5120K), 5 survivors (5120K)
 Metaspace       used 23245K, capacity 23933K, committed 23984K, reserved 1071104K
  class space    used 2783K, capacity 3048K, committed 3072K, reserved 1048576K
}
Event: 4.522 GC heap before
{Heap before GC invocations=7 (full 0):
 garbage-first heap   total 158720K, used 101208K [0x0000000080000000, 0x0000000100000000)
  region size 1024K, 93 young (95232K), 5 survivors (5120K)
 Metaspace       used 34592K, capacity 35719K, committed 35920K, reserved 1081344K
  class space    used 4342K, capacity 4786K, committed 4864K, reserved 1048576K
}
Event: 4.551 GC heap after
{Heap after GC invocations=8 (full 0):
 garbage-first heap   total 158720K, used 15911K [0x0000000080000000, 0x0000000100000000)
  region size 1024K, 9 young (9216K), 9 survivors (9216K)
 Metaspace       used 34592K, capacity 35719K, committed 35920K, reserved 1081344K
  class space    used 4342K, capacity 4786K, committed 4864K, reserved 1048576K
}
Event: 4.567 GC heap before
{Heap before GC invocations=8 (full 0):
 garbage-first heap   total 158720K, used 16935K [0x0000000080000000, 0x0000000100000000)
  region size 1024K, 11 young (11264K), 9 survivors (9216K)
 Metaspace       used 34719K, capacity 35815K, committed 35920K, reserved 1081344K
  class space    used 4362K, capacity 4818K, committed 4864K, reserved 1048576K
}
Event: 4.591 GC heap after
{Heap after GC invocations=9 (full 0):
 garbage-first heap   total 158720K, used 16176K [0x0000000080000000, 0x0000000100000000)
  region size 1024K, 6 young (6144K), 6 survivors (6144K)
 Metaspace       used 34719K, capacity 35815K, committed 35920K, reserved 1081344K
  class space    used 4362K, capacity 4818K, committed 4864K, reserved 1048576K
}
Event: 5.995 GC heap before
{Heap before GC invocations=10 (full 0):
 garbage-first heap   total 158720K, used 65328K [0x0000000080000000, 0x0000000100000000)
  region size 1024K, 55 young (56320K), 6 survivors (6144K)
 Metaspace       used 44256K, capacity 45535K, committed 45724K, reserved 1089536K
  class space    used 5682K, capacity 6192K, committed 6220K, reserved 1048576K
}

